{
  "0 debug pnpm:scope": {
    "selected": 1
  },
  "1 debug pnpm:package-manifest": {
    "initial": {
      "name": "svexy",
      "version": "0.0.1",
      "private": true,
      "scripts": {
        "dev": "vite dev",
        "build": "vite build",
        "preview": "vite preview",
        "check": "svelte-kit sync && svelte-check --tsconfig ./tsconfig.json",
        "check:watch": "svelte-kit sync && svelte-check --tsconfig ./tsconfig.json --watch",
        "test:unit": "vitest",
        "lint": "prettier --plugin-search-dir . --check . && eslint .",
        "format": "prettier --plugin-search-dir . --write ."
      },
      "devDependencies": {
        "@sveltejs/adapter-auto": "next",
        "@sveltejs/kit": "next",
        "@typescript-eslint/eslint-plugin": "^5.45.0",
        "@typescript-eslint/parser": "^5.45.0",
        "eslint": "^8.28.0",
        "eslint-config-prettier": "^8.5.0",
        "eslint-plugin-svelte3": "^4.0.0",
        "prettier": "^2.8.0",
        "prettier-plugin-svelte": "^2.8.1",
        "svelte": "^3.53.1",
        "svelte-check": "^2.9.2",
        "svelte-preprocess": "^4.10.7",
        "tslib": "^2.4.1",
        "typescript": "^4.9.3",
        "vite": "^3.2.4",
        "vitest": "^0.25.3"
      },
      "type": "module"
    },
    "prefix": "/Users/benholmes/Desktop/whiteboard-the-web/svexy"
  },
  "2 debug pnpm:context": {
    "currentLockfileExists": false,
    "storeDir": "/Users/benholmes/Library/pnpm/store/v3",
    "virtualStoreDir": "/Users/benholmes/Desktop/whiteboard-the-web/svexy/node_modules/.pnpm"
  },
  "3 debug pnpm:stage": {
    "prefix": "/Users/benholmes/Desktop/whiteboard-the-web/svexy",
    "stage": "resolution_started"
  },
  "4 debug pnpm:_dependency_resolved": {
    "resolution": "registry.npmjs.org/prettier-plugin-svelte/2.8.1",
    "wanted": {
      "dependentId": ".",
      "name": "prettier-plugin-svelte",
      "rawSpec": "^2.8.1"
    }
  },
  "5 debug pnpm:progress": {
    "packageId": "registry.npmjs.org/prettier-plugin-svelte/2.8.1",
    "requester": "/Users/benholmes/Desktop/whiteboard-the-web/svexy",
    "status": "resolved"
  },
  "6 debug pnpm:progress": {
    "packageId": "registry.npmjs.org/prettier-plugin-svelte/2.8.1",
    "requester": "/Users/benholmes/Desktop/whiteboard-the-web/svexy",
    "status": "found_in_store"
  },
  "7 debug pnpm:_dependency_resolved": {
    "resolution": "registry.npmjs.org/tslib/2.4.1",
    "wanted": {
      "dependentId": ".",
      "name": "tslib",
      "rawSpec": "^2.4.1"
    }
  },
  "8 debug pnpm:progress": {
    "packageId": "registry.npmjs.org/tslib/2.4.1",
    "requester": "/Users/benholmes/Desktop/whiteboard-the-web/svexy",
    "status": "resolved"
  },
  "9 debug pnpm:progress": {
    "packageId": "registry.npmjs.org/tslib/2.4.1",
    "requester": "/Users/benholmes/Desktop/whiteboard-the-web/svexy",
    "status": "found_in_store"
  },
  "10 debug pnpm:_dependency_resolved": {
    "resolution": "registry.npmjs.org/prettier/2.8.1",
    "wanted": {
      "dependentId": ".",
      "name": "prettier",
      "rawSpec": "^2.8.0"
    }
  },
  "11 debug pnpm:progress": {
    "packageId": "registry.npmjs.org/prettier/2.8.1",
    "requester": "/Users/benholmes/Desktop/whiteboard-the-web/svexy",
    "status": "resolved"
  },
  "12 debug pnpm:progress": {
    "packageId": "registry.npmjs.org/prettier/2.8.1",
    "requester": "/Users/benholmes/Desktop/whiteboard-the-web/svexy",
    "status": "found_in_store"
  },
  "13 debug pnpm:_dependency_resolved": {
    "resolution": "registry.npmjs.org/eslint-plugin-svelte3/4.0.0",
    "wanted": {
      "dependentId": ".",
      "name": "eslint-plugin-svelte3",
      "rawSpec": "^4.0.0"
    }
  },
  "14 debug pnpm:progress": {
    "packageId": "registry.npmjs.org/eslint-plugin-svelte3/4.0.0",
    "requester": "/Users/benholmes/Desktop/whiteboard-the-web/svexy",
    "status": "resolved"
  },
  "15 debug pnpm:progress": {
    "packageId": "registry.npmjs.org/eslint-plugin-svelte3/4.0.0",
    "requester": "/Users/benholmes/Desktop/whiteboard-the-web/svexy",
    "status": "found_in_store"
  },
  "16 debug pnpm:_dependency_resolved": {
    "resolution": "registry.npmjs.org/svelte-check/2.10.2",
    "wanted": {
      "dependentId": ".",
      "name": "svelte-check",
      "rawSpec": "^2.9.2"
    }
  },
  "17 debug pnpm:progress": {
    "packageId": "registry.npmjs.org/svelte-check/2.10.2",
    "requester": "/Users/benholmes/Desktop/whiteboard-the-web/svexy",
    "status": "resolved"
  },
  "18 debug pnpm:_dependency_resolved": {
    "resolution": "registry.npmjs.org/eslint-config-prettier/8.5.0",
    "wanted": {
      "dependentId": ".",
      "name": "eslint-config-prettier",
      "rawSpec": "^8.5.0"
    }
  },
  "19 debug pnpm:progress": {
    "packageId": "registry.npmjs.org/eslint-config-prettier/8.5.0",
    "requester": "/Users/benholmes/Desktop/whiteboard-the-web/svexy",
    "status": "resolved"
  },
  "20 debug pnpm:progress": {
    "packageId": "registry.npmjs.org/eslint-config-prettier/8.5.0",
    "requester": "/Users/benholmes/Desktop/whiteboard-the-web/svexy",
    "status": "found_in_store"
  },
  "21 debug pnpm:progress": {
    "packageId": "registry.npmjs.org/svelte-check/2.10.2",
    "requester": "/Users/benholmes/Desktop/whiteboard-the-web/svexy",
    "status": "found_in_store"
  },
  "22 debug pnpm:_dependency_resolved": {
    "resolution": "registry.npmjs.org/vitest/0.25.6",
    "wanted": {
      "dependentId": ".",
      "name": "vitest",
      "rawSpec": "^0.25.3"
    }
  },
  "23 debug pnpm:progress": {
    "packageId": "registry.npmjs.org/vitest/0.25.6",
    "requester": "/Users/benholmes/Desktop/whiteboard-the-web/svexy",
    "status": "resolved"
  },
  "24 debug pnpm:_dependency_resolved": {
    "resolution": "registry.npmjs.org/svelte-preprocess/4.10.7",
    "wanted": {
      "dependentId": ".",
      "name": "svelte-preprocess",
      "rawSpec": "^4.10.7"
    }
  },
  "25 debug pnpm:progress": {
    "packageId": "registry.npmjs.org/svelte-preprocess/4.10.7",
    "requester": "/Users/benholmes/Desktop/whiteboard-the-web/svexy",
    "status": "resolved"
  },
  "26 debug pnpm:progress": {
    "packageId": "registry.npmjs.org/vitest/0.25.6",
    "requester": "/Users/benholmes/Desktop/whiteboard-the-web/svexy",
    "status": "found_in_store"
  },
  "27 debug pnpm:progress": {
    "packageId": "registry.npmjs.org/svelte-preprocess/4.10.7",
    "requester": "/Users/benholmes/Desktop/whiteboard-the-web/svexy",
    "status": "found_in_store"
  },
  "28 debug pnpm:_dependency_resolved": {
    "resolution": "registry.npmjs.org/eslint/8.29.0",
    "wanted": {
      "dependentId": ".",
      "name": "eslint",
      "rawSpec": "^8.28.0"
    }
  },
  "29 debug pnpm:progress": {
    "packageId": "registry.npmjs.org/eslint/8.29.0",
    "requester": "/Users/benholmes/Desktop/whiteboard-the-web/svexy",
    "status": "resolved"
  },
  "30 debug pnpm:_dependency_resolved": {
    "resolution": "registry.npmjs.org/@sveltejs/adapter-auto/1.0.0-next.90",
    "wanted": {
      "dependentId": ".",
      "name": "@sveltejs/adapter-auto",
      "rawSpec": "next"
    }
  },
  "31 debug pnpm:progress": {
    "packageId": "registry.npmjs.org/@sveltejs/adapter-auto/1.0.0-next.90",
    "requester": "/Users/benholmes/Desktop/whiteboard-the-web/svexy",
    "status": "resolved"
  },
  "32 debug pnpm:_dependency_resolved": {
    "resolution": "registry.npmjs.org/vite/3.2.5",
    "wanted": {
      "dependentId": ".",
      "name": "vite",
      "rawSpec": "^3.2.4"
    }
  },
  "33 debug pnpm:progress": {
    "packageId": "registry.npmjs.org/vite/3.2.5",
    "requester": "/Users/benholmes/Desktop/whiteboard-the-web/svexy",
    "status": "resolved"
  },
  "34 debug pnpm:progress": {
    "packageId": "registry.npmjs.org/@sveltejs/adapter-auto/1.0.0-next.90",
    "requester": "/Users/benholmes/Desktop/whiteboard-the-web/svexy",
    "status": "found_in_store"
  },
  "35 debug pnpm:progress": {
    "packageId": "registry.npmjs.org/eslint/8.29.0",
    "requester": "/Users/benholmes/Desktop/whiteboard-the-web/svexy",
    "status": "found_in_store"
  },
  "36 debug pnpm:progress": {
    "packageId": "registry.npmjs.org/vite/3.2.5",
    "requester": "/Users/benholmes/Desktop/whiteboard-the-web/svexy",
    "status": "found_in_store"
  },
  "37 debug pnpm:_dependency_resolved": {
    "resolution": "registry.npmjs.org/svelte/3.54.0",
    "wanted": {
      "dependentId": ".",
      "name": "svelte",
      "rawSpec": "^3.53.1"
    }
  },
  "38 debug pnpm:progress": {
    "packageId": "registry.npmjs.org/svelte/3.54.0",
    "requester": "/Users/benholmes/Desktop/whiteboard-the-web/svexy",
    "status": "resolved"
  },
  "39 debug pnpm:progress": {
    "packageId": "registry.npmjs.org/svelte/3.54.0",
    "requester": "/Users/benholmes/Desktop/whiteboard-the-web/svexy",
    "status": "found_in_store"
  },
  "40 debug pnpm:_dependency_resolved": {
    "resolution": "registry.npmjs.org/@typescript-eslint/eslint-plugin/5.46.0",
    "wanted": {
      "dependentId": ".",
      "name": "@typescript-eslint/eslint-plugin",
      "rawSpec": "^5.45.0"
    }
  },
  "41 debug pnpm:progress": {
    "packageId": "registry.npmjs.org/@typescript-eslint/eslint-plugin/5.46.0",
    "requester": "/Users/benholmes/Desktop/whiteboard-the-web/svexy",
    "status": "resolved"
  },
  "42 debug pnpm:fetching-progress": {
    "attempt": 1,
    "packageId": "registry.npmjs.org/@typescript-eslint/eslint-plugin/5.46.0",
    "size": 408699,
    "status": "started"
  },
  "43 warn pnpm:install-check": {
    "message": "Unsupported engine for registry.npmjs.org/@sveltejs/kit/1.0.0-next.574: wanted: {\"node\":\">=16.14\"} (current: {\"node\":\"v16.13.2\",\"pnpm\":\"7.5.0\"})",
    "prefix": "/Users/benholmes/Desktop/whiteboard-the-web/svexy"
  },
  "44 error pnpm": {
    "code": "ERR_PNPM_UNSUPPORTED_ENGINE",
    "packageId": "registry.npmjs.org/@sveltejs/kit/1.0.0-next.574",
    "wanted": {
      "node": ">=16.14"
    },
    "current": {
      "node": "v16.13.2",
      "pnpm": "7.5.0"
    },
    "pkgsStack": [],
    "err": {
      "name": "pnpm",
      "message": "Unsupported engine for registry.npmjs.org/@sveltejs/kit/1.0.0-next.574: wanted: {\"node\":\">=16.14\"} (current: {\"node\":\"v16.13.2\",\"pnpm\":\"7.5.0\"})",
      "code": "ERR_PNPM_UNSUPPORTED_ENGINE",
      "stack": "pnpm: Unsupported engine for registry.npmjs.org/@sveltejs/kit/1.0.0-next.574: wanted: {\"node\":\">=16.14\"} (current: {\"node\":\"v16.13.2\",\"pnpm\":\"7.5.0\"})\n    at checkEngine (/Users/benholmes/Library/pnpm/global/5/.pnpm/pnpm@7.5.0/node_modules/pnpm/dist/pnpm.cjs:43094:16)\n    at checkPackage (/Users/benholmes/Library/pnpm/global/5/.pnpm/pnpm@7.5.0/node_modules/pnpm/dist/pnpm.cjs:43677:74)\n    at packageIsInstallable (/Users/benholmes/Library/pnpm/global/5/.pnpm/pnpm@7.5.0/node_modules/pnpm/dist/pnpm.cjs:43647:20)\n    at resolveAndFetch (/Users/benholmes/Library/pnpm/global/5/.pnpm/pnpm@7.5.0/node_modules/pnpm/dist/pnpm.cjs:93248:117)\n    at processTicksAndRejections (node:internal/process/task_queues:96:5)\n    at async resolveDependency (/Users/benholmes/Library/pnpm/global/5/.pnpm/pnpm@7.5.0/node_modules/pnpm/dist/pnpm.cjs:122293:23)\n    at async resolveDependenciesOfDependency (/Users/benholmes/Library/pnpm/global/5/.pnpm/pnpm@7.5.0/node_modules/pnpm/dist/pnpm.cjs:122132:39)\n    at async Promise.all (index 1)\n    at async resolveDependencies (/Users/benholmes/Library/pnpm/global/5/.pnpm/pnpm@7.5.0/node_modules/pnpm/dist/pnpm.cjs:122061:29)\n    at async resolveRootDependencies (/Users/benholmes/Library/pnpm/global/5/.pnpm/pnpm@7.5.0/node_modules/pnpm/dist/pnpm.cjs:122027:25)"
    }
  }
}